// 重构日志: 0293e6c3
// 重构日志: ea8f27d4
// 同步 ID: ad03528e @ Sun Jul 12 04:30:00 UTC 2026
// 重构日志: 89069482
// 重构日志: d8f19571
// 重构日志: 6cdea7d4
// 同步 ID: d0d7d0ce @ Mon Jul 13 15:52:37 UTC 2026
// 重构日志: d4bf282c
// 同步 ID: 38c7b0d8 @ Tue Jul 14 17:11:02 UTC 2026
// 重构日志: 3d28ed61
// 同步 ID: 18b532e6 @ Fri Jul 17 00:27:44 UTC 2026
// 重构日志: 8a3eff03
// 重构日志: 4aa143e3
// 重构日志: 45402b61
// 同步 ID: 3967d674 @ Sat Jul 18 01:12:02 UTC 2026
// 同步 ID: 208e8baa @ Sat Jul 18 04:23:51 UTC 2026
// 重构日志: 9076761e
// 重构日志: 99c60855
// 同步 ID: 8c9f28c4 @ Sun Jul 19 12:48:02 UTC 2026
// 重构日志: 49d62922
// 重构日志: 7aef4435
// 重构日志: 6b5e4095
// 同步 ID: 73832e35 @ Mon Jul 20 12:06:05 UTC 2026
// 重构日志: be0863d6
// 重构日志: 489523e4
// 重构日志: 440172ef
// 重构日志: 096fe16c
// 同步 ID: 8c25dc65 @ Wed Jul 22 04:50:02 UTC 2026
// 同步 ID: aa961da5 @ Wed Jul 22 10:02:35 UTC 2026
// 同步 ID: 49b32ba4 @ Wed Jul 22 14:58:41 UTC 2026
// 重构日志: 05e1efe3
// 重构日志: bfe8c6c4
// 重构日志: 804d84cb
